<?xml version="1.0" encoding="UTF-8"?>
<!-- Generated by org.testng.reporters.JUnitReportReporter -->
<testsuite hostname="intel" failures="0" tests="4" name="tests.TestNG1" time="17.866" errors="0" timestamp="2022-02-17T12:47:51 IST" skipped="0">
  <testcase classname="tests.TestNG1" name="test1" time="2.703"/>
  <system-out/>
  <testcase classname="tests.TestNG1" name="test1" time="6.162"/>
  <system-out/>
  <testcase classname="tests.TestNG1" name="test2" time="3.990"/>
  <system-out/>
  <testcase classname="tests.TestNG1" name="test2" time="5.011"/>
  <system-out/>
</testsuite> <!-- tests.TestNG1 -->
