<?xml version="1.0" encoding="UTF-8"?>
<!-- Generated by org.testng.reporters.JUnitReportReporter -->
<testsuite hostname="intel" failures="0" tests="4" name="tests.TestNG_practicse" time="24.547" errors="0" timestamp="2022-02-26T16:49:09 IST" skipped="0">
  <testcase classname="tests.TestNG_practicse" name="test1" time="7.287"/>
  <system-out/>
  <testcase classname="tests.TestNG_practicse" name="test1" time="6.440"/>
  <system-out/>
  <testcase classname="tests.TestNG_practicse" name="test2" time="5.717"/>
  <system-out/>
  <testcase classname="tests.TestNG_practicse" name="test2" time="5.103"/>
  <system-out/>
</testsuite> <!-- tests.TestNG_practicse -->
