<?xml version="1.0" encoding="UTF-8"?>
<!-- Generated by org.testng.reporters.JUnitReportReporter -->
<testsuite hostname="intel" failures="0" tests="4" name="tests.TestNG1" time="20.845" errors="0" timestamp="2022-02-26T16:49:09 IST" skipped="0">
  <testcase classname="tests.TestNG1" name="test2" time="5.004"/>
  <system-out/>
  <testcase classname="tests.TestNG1" name="test1" time="5.683"/>
  <system-out/>
  <testcase classname="tests.TestNG1" name="test1" time="5.763"/>
  <system-out/>
  <testcase classname="tests.TestNG1" name="test2" time="4.395"/>
  <system-out/>
</testsuite> <!-- tests.TestNG1 -->
