<?xml version="1.0" encoding="UTF-8"?>
<!-- Generated by org.testng.reporters.JUnitReportReporter -->
<testsuite hostname="intel" failures="0" tests="4" name="tests.TestNG_practicse" time="24.952" errors="0" timestamp="2022-02-17T12:47:51 IST" skipped="0">
  <testcase classname="tests.TestNG_practicse" name="test1" time="2.623"/>
  <system-out/>
  <testcase classname="tests.TestNG_practicse" name="test2" time="4.208"/>
  <system-out/>
  <testcase classname="tests.TestNG_practicse" name="test1" time="8.031"/>
  <system-out/>
  <testcase classname="tests.TestNG_practicse" name="test2" time="10.090"/>
  <system-out/>
</testsuite> <!-- tests.TestNG_practicse -->
