<?xml version="1.0" encoding="UTF-8"?>
<!-- Generated by org.testng.reporters.JUnitReportReporter -->
<testsuite hostname="intel" failures="0" tests="4" name="tests.TestNG1" time="20.613" errors="0" timestamp="2022-02-13T15:52:35 IST" skipped="0">
  <testcase classname="tests.TestNG1" name="test1" time="5.960"/>
  <system-out/>
  <testcase classname="tests.TestNG1" name="test1" time="2.377"/>
  <system-out/>
  <testcase classname="tests.TestNG1" name="test2" time="4.659"/>
  <system-out/>
  <testcase classname="tests.TestNG1" name="test2" time="7.617"/>
  <system-out/>
</testsuite> <!-- tests.TestNG1 -->
