<?xml version="1.0" encoding="UTF-8"?>
<!-- Generated by org.testng.reporters.JUnitReportReporter -->
<testsuite hostname="intel" failures="0" tests="2" name="tests.TestNG2" time="7.054" errors="0" timestamp="2022-02-10T21:04:15 IST" skipped="0">
  <testcase classname="tests.TestNG2" name="test2" time="3.833"/>
  <system-out/>
  <testcase classname="tests.TestNG2" name="test1" time="3.221"/>
  <system-out/>
</testsuite> <!-- tests.TestNG2 -->
