<?xml version="1.0" encoding="UTF-8"?>
<!-- Generated by org.testng.reporters.JUnitReportReporter -->
<testsuite hostname="intel" failures="0" tests="4" name="tests.TestNG_practicse" time="23.723" errors="0" timestamp="2022-02-13T15:52:35 IST" skipped="0">
  <testcase classname="tests.TestNG_practicse" name="test1" time="7.411"/>
  <system-out/>
  <testcase classname="tests.TestNG_practicse" name="test2" time="3.976"/>
  <system-out/>
  <testcase classname="tests.TestNG_practicse" name="test1" time="8.356"/>
  <system-out/>
  <testcase classname="tests.TestNG_practicse" name="test2" time="3.980"/>
  <system-out/>
</testsuite> <!-- tests.TestNG_practicse -->
